[2019-03-23 22:08:02] laravel.EMERGENCY: Unable to create configured logger. Using emergency logger. {"exception":"[object] (InvalidArgumentException(code: 0): Log [] is not defined. at /opt/lampp/htdocs/stabcode/vendor/laravel/framework/src/Illuminate/Log/LogManager.php:167)
[stacktrace]
#0 /opt/lampp/htdocs/stabcode/vendor/laravel/framework/src/Illuminate/Log/LogManager.php(101): Illuminate\\Log\\LogManager->resolve(NULL)
#1 /opt/lampp/htdocs/stabcode/vendor/laravel/framework/src/Illuminate/Log/LogManager.php(89): Illuminate\\Log\\LogManager->get(NULL)
#2 /opt/lampp/htdocs/stabcode/vendor/laravel/framework/src/Illuminate/Log/LogManager.php(488): Illuminate\\Log\\LogManager->driver()
#3 /opt/lampp/htdocs/stabcode/vendor/laravel/framework/src/Illuminate/Foundation/Exceptions/Handler.php(114): Illuminate\\Log\\LogManager->error('syntax error, u...', Array)
#4 /opt/lampp/htdocs/stabcode/app/Exceptions/Handler.php(37): Illuminate\\Foundation\\Exceptions\\Handler->report(Object(Symfony\\Component\\Debug\\Exception\\FatalThrowableError))
#5 /opt/lampp/htdocs/stabcode/vendor/laravel/framework/src/Illuminate/Foundation/Http/Kernel.php(314): App\\Exceptions\\Handler->report(Object(Symfony\\Component\\Debug\\Exception\\FatalThrowableError))
#6 /opt/lampp/htdocs/stabcode/vendor/laravel/framework/src/Illuminate/Foundation/Http/Kernel.php(122): Illuminate\\Foundation\\Http\\Kernel->reportException(Object(Symfony\\Component\\Debug\\Exception\\FatalThrowableError))
#7 /opt/lampp/htdocs/stabcode/public/index.php(55): Illuminate\\Foundation\\Http\\Kernel->handle(Object(Illuminate\\Http\\Request))
#8 {main}
"} 
[2019-03-23 22:08:02] laravel.ERROR: syntax error, unexpected 'Chumper' (T_STRING), expecting ']' {"exception":"[object] (Symfony\\Component\\Debug\\Exception\\FatalThrowableError(code: 0): syntax error, unexpected 'Chumper' (T_STRING), expecting ']' at /opt/lampp/htdocs/stabcode/config/app.php:189)
[stacktrace]
#0 /opt/lampp/htdocs/stabcode/vendor/laravel/framework/src/Illuminate/Foundation/Bootstrap/LoadConfiguration.php(39): Illuminate\\Foundation\\Bootstrap\\LoadConfiguration->loadConfigurationFiles(Object(Illuminate\\Foundation\\Application), Object(Illuminate\\Config\\Repository))
#1 /opt/lampp/htdocs/stabcode/vendor/laravel/framework/src/Illuminate/Foundation/Application.php(206): Illuminate\\Foundation\\Bootstrap\\LoadConfiguration->bootstrap(Object(Illuminate\\Foundation\\Application))
#2 /opt/lampp/htdocs/stabcode/vendor/laravel/framework/src/Illuminate/Foundation/Http/Kernel.php(162): Illuminate\\Foundation\\Application->bootstrapWith(Array)
#3 /opt/lampp/htdocs/stabcode/vendor/laravel/framework/src/Illuminate/Foundation/Http/Kernel.php(146): Illuminate\\Foundation\\Http\\Kernel->bootstrap()
#4 /opt/lampp/htdocs/stabcode/vendor/laravel/framework/src/Illuminate/Foundation/Http/Kernel.php(116): Illuminate\\Foundation\\Http\\Kernel->sendRequestThroughRouter(Object(Illuminate\\Http\\Request))
#5 /opt/lampp/htdocs/stabcode/public/index.php(55): Illuminate\\Foundation\\Http\\Kernel->handle(Object(Illuminate\\Http\\Request))
#6 {main}
"} 
[2019-03-23 22:08:55] laravel.EMERGENCY: Unable to create configured logger. Using emergency logger. {"exception":"[object] (InvalidArgumentException(code: 0): Log [] is not defined. at /opt/lampp/htdocs/stabcode/vendor/laravel/framework/src/Illuminate/Log/LogManager.php:167)
[stacktrace]
#0 /opt/lampp/htdocs/stabcode/vendor/laravel/framework/src/Illuminate/Log/LogManager.php(101): Illuminate\\Log\\LogManager->resolve(NULL)
#1 /opt/lampp/htdocs/stabcode/vendor/laravel/framework/src/Illuminate/Log/LogManager.php(89): Illuminate\\Log\\LogManager->get(NULL)
#2 /opt/lampp/htdocs/stabcode/vendor/laravel/framework/src/Illuminate/Log/LogManager.php(488): Illuminate\\Log\\LogManager->driver()
#3 /opt/lampp/htdocs/stabcode/vendor/laravel/framework/src/Illuminate/Foundation/Exceptions/Handler.php(114): Illuminate\\Log\\LogManager->error('syntax error, u...', Array)
#4 /opt/lampp/htdocs/stabcode/app/Exceptions/Handler.php(37): Illuminate\\Foundation\\Exceptions\\Handler->report(Object(Symfony\\Component\\Debug\\Exception\\FatalThrowableError))
#5 /opt/lampp/htdocs/stabcode/vendor/laravel/framework/src/Illuminate/Foundation/Http/Kernel.php(314): App\\Exceptions\\Handler->report(Object(Symfony\\Component\\Debug\\Exception\\FatalThrowableError))
#6 /opt/lampp/htdocs/stabcode/vendor/laravel/framework/src/Illuminate/Foundation/Http/Kernel.php(122): Illuminate\\Foundation\\Http\\Kernel->reportException(Object(Symfony\\Component\\Debug\\Exception\\FatalThrowableError))
#7 /opt/lampp/htdocs/stabcode/public/index.php(55): Illuminate\\Foundation\\Http\\Kernel->handle(Object(Illuminate\\Http\\Request))
#8 {main}
"} 
[2019-03-23 22:08:55] laravel.ERROR: syntax error, unexpected 'Chumper' (T_STRING), expecting ']' {"exception":"[object] (Symfony\\Component\\Debug\\Exception\\FatalThrowableError(code: 0): syntax error, unexpected 'Chumper' (T_STRING), expecting ']' at /opt/lampp/htdocs/stabcode/config/app.php:189)
[stacktrace]
#0 /opt/lampp/htdocs/stabcode/vendor/laravel/framework/src/Illuminate/Foundation/Bootstrap/LoadConfiguration.php(39): Illuminate\\Foundation\\Bootstrap\\LoadConfiguration->loadConfigurationFiles(Object(Illuminate\\Foundation\\Application), Object(Illuminate\\Config\\Repository))
#1 /opt/lampp/htdocs/stabcode/vendor/laravel/framework/src/Illuminate/Foundation/Application.php(206): Illuminate\\Foundation\\Bootstrap\\LoadConfiguration->bootstrap(Object(Illuminate\\Foundation\\Application))
#2 /opt/lampp/htdocs/stabcode/vendor/laravel/framework/src/Illuminate/Foundation/Http/Kernel.php(162): Illuminate\\Foundation\\Application->bootstrapWith(Array)
#3 /opt/lampp/htdocs/stabcode/vendor/laravel/framework/src/Illuminate/Foundation/Http/Kernel.php(146): Illuminate\\Foundation\\Http\\Kernel->bootstrap()
#4 /opt/lampp/htdocs/stabcode/vendor/laravel/framework/src/Illuminate/Foundation/Http/Kernel.php(116): Illuminate\\Foundation\\Http\\Kernel->sendRequestThroughRouter(Object(Illuminate\\Http\\Request))
#5 /opt/lampp/htdocs/stabcode/public/index.php(55): Illuminate\\Foundation\\Http\\Kernel->handle(Object(Illuminate\\Http\\Request))
#6 {main}
"} 
[2019-03-23 22:09:09] laravel.EMERGENCY: Unable to create configured logger. Using emergency logger. {"exception":"[object] (InvalidArgumentException(code: 0): Log [] is not defined. at /opt/lampp/htdocs/stabcode/vendor/laravel/framework/src/Illuminate/Log/LogManager.php:167)
[stacktrace]
#0 /opt/lampp/htdocs/stabcode/vendor/laravel/framework/src/Illuminate/Log/LogManager.php(101): Illuminate\\Log\\LogManager->resolve(NULL)
#1 /opt/lampp/htdocs/stabcode/vendor/laravel/framework/src/Illuminate/Log/LogManager.php(89): Illuminate\\Log\\LogManager->get(NULL)
#2 /opt/lampp/htdocs/stabcode/vendor/laravel/framework/src/Illuminate/Log/LogManager.php(488): Illuminate\\Log\\LogManager->driver()
#3 /opt/lampp/htdocs/stabcode/vendor/laravel/framework/src/Illuminate/Foundation/Exceptions/Handler.php(114): Illuminate\\Log\\LogManager->error('syntax error, u...', Array)
#4 /opt/lampp/htdocs/stabcode/app/Exceptions/Handler.php(37): Illuminate\\Foundation\\Exceptions\\Handler->report(Object(Symfony\\Component\\Debug\\Exception\\FatalThrowableError))
#5 /opt/lampp/htdocs/stabcode/vendor/laravel/framework/src/Illuminate/Foundation/Http/Kernel.php(314): App\\Exceptions\\Handler->report(Object(Symfony\\Component\\Debug\\Exception\\FatalThrowableError))
#6 /opt/lampp/htdocs/stabcode/vendor/laravel/framework/src/Illuminate/Foundation/Http/Kernel.php(122): Illuminate\\Foundation\\Http\\Kernel->reportException(Object(Symfony\\Component\\Debug\\Exception\\FatalThrowableError))
#7 /opt/lampp/htdocs/stabcode/public/index.php(55): Illuminate\\Foundation\\Http\\Kernel->handle(Object(Illuminate\\Http\\Request))
#8 {main}
"} 
[2019-03-23 22:09:09] laravel.ERROR: syntax error, unexpected 'Chumper' (T_STRING), expecting ']' {"exception":"[object] (Symfony\\Component\\Debug\\Exception\\FatalThrowableError(code: 0): syntax error, unexpected 'Chumper' (T_STRING), expecting ']' at /opt/lampp/htdocs/stabcode/config/app.php:189)
[stacktrace]
#0 /opt/lampp/htdocs/stabcode/vendor/laravel/framework/src/Illuminate/Foundation/Bootstrap/LoadConfiguration.php(39): Illuminate\\Foundation\\Bootstrap\\LoadConfiguration->loadConfigurationFiles(Object(Illuminate\\Foundation\\Application), Object(Illuminate\\Config\\Repository))
#1 /opt/lampp/htdocs/stabcode/vendor/laravel/framework/src/Illuminate/Foundation/Application.php(206): Illuminate\\Foundation\\Bootstrap\\LoadConfiguration->bootstrap(Object(Illuminate\\Foundation\\Application))
#2 /opt/lampp/htdocs/stabcode/vendor/laravel/framework/src/Illuminate/Foundation/Http/Kernel.php(162): Illuminate\\Foundation\\Application->bootstrapWith(Array)
#3 /opt/lampp/htdocs/stabcode/vendor/laravel/framework/src/Illuminate/Foundation/Http/Kernel.php(146): Illuminate\\Foundation\\Http\\Kernel->bootstrap()
#4 /opt/lampp/htdocs/stabcode/vendor/laravel/framework/src/Illuminate/Foundation/Http/Kernel.php(116): Illuminate\\Foundation\\Http\\Kernel->sendRequestThroughRouter(Object(Illuminate\\Http\\Request))
#5 /opt/lampp/htdocs/stabcode/public/index.php(55): Illuminate\\Foundation\\Http\\Kernel->handle(Object(Illuminate\\Http\\Request))
#6 {main}
"} 
[2019-03-23 22:09:10] laravel.EMERGENCY: Unable to create configured logger. Using emergency logger. {"exception":"[object] (InvalidArgumentException(code: 0): Log [] is not defined. at /opt/lampp/htdocs/stabcode/vendor/laravel/framework/src/Illuminate/Log/LogManager.php:167)
[stacktrace]
#0 /opt/lampp/htdocs/stabcode/vendor/laravel/framework/src/Illuminate/Log/LogManager.php(101): Illuminate\\Log\\LogManager->resolve(NULL)
#1 /opt/lampp/htdocs/stabcode/vendor/laravel/framework/src/Illuminate/Log/LogManager.php(89): Illuminate\\Log\\LogManager->get(NULL)
#2 /opt/lampp/htdocs/stabcode/vendor/laravel/framework/src/Illuminate/Log/LogManager.php(488): Illuminate\\Log\\LogManager->driver()
#3 /opt/lampp/htdocs/stabcode/vendor/laravel/framework/src/Illuminate/Foundation/Exceptions/Handler.php(114): Illuminate\\Log\\LogManager->error('syntax error, u...', Array)
#4 /opt/lampp/htdocs/stabcode/app/Exceptions/Handler.php(37): Illuminate\\Foundation\\Exceptions\\Handler->report(Object(Symfony\\Component\\Debug\\Exception\\FatalThrowableError))
#5 /opt/lampp/htdocs/stabcode/vendor/laravel/framework/src/Illuminate/Foundation/Http/Kernel.php(314): App\\Exceptions\\Handler->report(Object(Symfony\\Component\\Debug\\Exception\\FatalThrowableError))
#6 /opt/lampp/htdocs/stabcode/vendor/laravel/framework/src/Illuminate/Foundation/Http/Kernel.php(122): Illuminate\\Foundation\\Http\\Kernel->reportException(Object(Symfony\\Component\\Debug\\Exception\\FatalThrowableError))
#7 /opt/lampp/htdocs/stabcode/public/index.php(55): Illuminate\\Foundation\\Http\\Kernel->handle(Object(Illuminate\\Http\\Request))
#8 {main}
"} 
[2019-03-23 22:09:10] laravel.ERROR: syntax error, unexpected 'Chumper' (T_STRING), expecting ']' {"exception":"[object] (Symfony\\Component\\Debug\\Exception\\FatalThrowableError(code: 0): syntax error, unexpected 'Chumper' (T_STRING), expecting ']' at /opt/lampp/htdocs/stabcode/config/app.php:189)
[stacktrace]
#0 /opt/lampp/htdocs/stabcode/vendor/laravel/framework/src/Illuminate/Foundation/Bootstrap/LoadConfiguration.php(39): Illuminate\\Foundation\\Bootstrap\\LoadConfiguration->loadConfigurationFiles(Object(Illuminate\\Foundation\\Application), Object(Illuminate\\Config\\Repository))
#1 /opt/lampp/htdocs/stabcode/vendor/laravel/framework/src/Illuminate/Foundation/Application.php(206): Illuminate\\Foundation\\Bootstrap\\LoadConfiguration->bootstrap(Object(Illuminate\\Foundation\\Application))
#2 /opt/lampp/htdocs/stabcode/vendor/laravel/framework/src/Illuminate/Foundation/Http/Kernel.php(162): Illuminate\\Foundation\\Application->bootstrapWith(Array)
#3 /opt/lampp/htdocs/stabcode/vendor/laravel/framework/src/Illuminate/Foundation/Http/Kernel.php(146): Illuminate\\Foundation\\Http\\Kernel->bootstrap()
#4 /opt/lampp/htdocs/stabcode/vendor/laravel/framework/src/Illuminate/Foundation/Http/Kernel.php(116): Illuminate\\Foundation\\Http\\Kernel->sendRequestThroughRouter(Object(Illuminate\\Http\\Request))
#5 /opt/lampp/htdocs/stabcode/public/index.php(55): Illuminate\\Foundation\\Http\\Kernel->handle(Object(Illuminate\\Http\\Request))
#6 {main}
"} 
[2019-03-23 22:09:10] laravel.EMERGENCY: Unable to create configured logger. Using emergency logger. {"exception":"[object] (InvalidArgumentException(code: 0): Log [] is not defined. at /opt/lampp/htdocs/stabcode/vendor/laravel/framework/src/Illuminate/Log/LogManager.php:167)
[stacktrace]
#0 /opt/lampp/htdocs/stabcode/vendor/laravel/framework/src/Illuminate/Log/LogManager.php(101): Illuminate\\Log\\LogManager->resolve(NULL)
#1 /opt/lampp/htdocs/stabcode/vendor/laravel/framework/src/Illuminate/Log/LogManager.php(89): Illuminate\\Log\\LogManager->get(NULL)
#2 /opt/lampp/htdocs/stabcode/vendor/laravel/framework/src/Illuminate/Log/LogManager.php(488): Illuminate\\Log\\LogManager->driver()
#3 /opt/lampp/htdocs/stabcode/vendor/laravel/framework/src/Illuminate/Foundation/Exceptions/Handler.php(114): Illuminate\\Log\\LogManager->error('syntax error, u...', Array)
#4 /opt/lampp/htdocs/stabcode/app/Exceptions/Handler.php(37): Illuminate\\Foundation\\Exceptions\\Handler->report(Object(Symfony\\Component\\Debug\\Exception\\FatalThrowableError))
#5 /opt/lampp/htdocs/stabcode/vendor/laravel/framework/src/Illuminate/Foundation/Http/Kernel.php(314): App\\Exceptions\\Handler->report(Object(Symfony\\Component\\Debug\\Exception\\FatalThrowableError))
#6 /opt/lampp/htdocs/stabcode/vendor/laravel/framework/src/Illuminate/Foundation/Http/Kernel.php(122): Illuminate\\Foundation\\Http\\Kernel->reportException(Object(Symfony\\Component\\Debug\\Exception\\FatalThrowableError))
#7 /opt/lampp/htdocs/stabcode/public/index.php(55): Illuminate\\Foundation\\Http\\Kernel->handle(Object(Illuminate\\Http\\Request))
#8 {main}
"} 
[2019-03-23 22:09:10] laravel.ERROR: syntax error, unexpected 'Chumper' (T_STRING), expecting ']' {"exception":"[object] (Symfony\\Component\\Debug\\Exception\\FatalThrowableError(code: 0): syntax error, unexpected 'Chumper' (T_STRING), expecting ']' at /opt/lampp/htdocs/stabcode/config/app.php:189)
[stacktrace]
#0 /opt/lampp/htdocs/stabcode/vendor/laravel/framework/src/Illuminate/Foundation/Bootstrap/LoadConfiguration.php(39): Illuminate\\Foundation\\Bootstrap\\LoadConfiguration->loadConfigurationFiles(Object(Illuminate\\Foundation\\Application), Object(Illuminate\\Config\\Repository))
#1 /opt/lampp/htdocs/stabcode/vendor/laravel/framework/src/Illuminate/Foundation/Application.php(206): Illuminate\\Foundation\\Bootstrap\\LoadConfiguration->bootstrap(Object(Illuminate\\Foundation\\Application))
#2 /opt/lampp/htdocs/stabcode/vendor/laravel/framework/src/Illuminate/Foundation/Http/Kernel.php(162): Illuminate\\Foundation\\Application->bootstrapWith(Array)
#3 /opt/lampp/htdocs/stabcode/vendor/laravel/framework/src/Illuminate/Foundation/Http/Kernel.php(146): Illuminate\\Foundation\\Http\\Kernel->bootstrap()
#4 /opt/lampp/htdocs/stabcode/vendor/laravel/framework/src/Illuminate/Foundation/Http/Kernel.php(116): Illuminate\\Foundation\\Http\\Kernel->sendRequestThroughRouter(Object(Illuminate\\Http\\Request))
#5 /opt/lampp/htdocs/stabcode/public/index.php(55): Illuminate\\Foundation\\Http\\Kernel->handle(Object(Illuminate\\Http\\Request))
#6 {main}
"} 
[2019-03-23 22:09:10] laravel.EMERGENCY: Unable to create configured logger. Using emergency logger. {"exception":"[object] (InvalidArgumentException(code: 0): Log [] is not defined. at /opt/lampp/htdocs/stabcode/vendor/laravel/framework/src/Illuminate/Log/LogManager.php:167)
[stacktrace]
#0 /opt/lampp/htdocs/stabcode/vendor/laravel/framework/src/Illuminate/Log/LogManager.php(101): Illuminate\\Log\\LogManager->resolve(NULL)
#1 /opt/lampp/htdocs/stabcode/vendor/laravel/framework/src/Illuminate/Log/LogManager.php(89): Illuminate\\Log\\LogManager->get(NULL)
#2 /opt/lampp/htdocs/stabcode/vendor/laravel/framework/src/Illuminate/Log/LogManager.php(488): Illuminate\\Log\\LogManager->driver()
#3 /opt/lampp/htdocs/stabcode/vendor/laravel/framework/src/Illuminate/Foundation/Exceptions/Handler.php(114): Illuminate\\Log\\LogManager->error('syntax error, u...', Array)
#4 /opt/lampp/htdocs/stabcode/app/Exceptions/Handler.php(37): Illuminate\\Foundation\\Exceptions\\Handler->report(Object(Symfony\\Component\\Debug\\Exception\\FatalThrowableError))
#5 /opt/lampp/htdocs/stabcode/vendor/laravel/framework/src/Illuminate/Foundation/Http/Kernel.php(314): App\\Exceptions\\Handler->report(Object(Symfony\\Component\\Debug\\Exception\\FatalThrowableError))
#6 /opt/lampp/htdocs/stabcode/vendor/laravel/framework/src/Illuminate/Foundation/Http/Kernel.php(122): Illuminate\\Foundation\\Http\\Kernel->reportException(Object(Symfony\\Component\\Debug\\Exception\\FatalThrowableError))
#7 /opt/lampp/htdocs/stabcode/public/index.php(55): Illuminate\\Foundation\\Http\\Kernel->handle(Object(Illuminate\\Http\\Request))
#8 {main}
"} 
[2019-03-23 22:09:10] laravel.ERROR: syntax error, unexpected 'Chumper' (T_STRING), expecting ']' {"exception":"[object] (Symfony\\Component\\Debug\\Exception\\FatalThrowableError(code: 0): syntax error, unexpected 'Chumper' (T_STRING), expecting ']' at /opt/lampp/htdocs/stabcode/config/app.php:189)
[stacktrace]
#0 /opt/lampp/htdocs/stabcode/vendor/laravel/framework/src/Illuminate/Foundation/Bootstrap/LoadConfiguration.php(39): Illuminate\\Foundation\\Bootstrap\\LoadConfiguration->loadConfigurationFiles(Object(Illuminate\\Foundation\\Application), Object(Illuminate\\Config\\Repository))
#1 /opt/lampp/htdocs/stabcode/vendor/laravel/framework/src/Illuminate/Foundation/Application.php(206): Illuminate\\Foundation\\Bootstrap\\LoadConfiguration->bootstrap(Object(Illuminate\\Foundation\\Application))
#2 /opt/lampp/htdocs/stabcode/vendor/laravel/framework/src/Illuminate/Foundation/Http/Kernel.php(162): Illuminate\\Foundation\\Application->bootstrapWith(Array)
#3 /opt/lampp/htdocs/stabcode/vendor/laravel/framework/src/Illuminate/Foundation/Http/Kernel.php(146): Illuminate\\Foundation\\Http\\Kernel->bootstrap()
#4 /opt/lampp/htdocs/stabcode/vendor/laravel/framework/src/Illuminate/Foundation/Http/Kernel.php(116): Illuminate\\Foundation\\Http\\Kernel->sendRequestThroughRouter(Object(Illuminate\\Http\\Request))
#5 /opt/lampp/htdocs/stabcode/public/index.php(55): Illuminate\\Foundation\\Http\\Kernel->handle(Object(Illuminate\\Http\\Request))
#6 {main}
"} 
[2019-03-23 22:09:10] laravel.EMERGENCY: Unable to create configured logger. Using emergency logger. {"exception":"[object] (InvalidArgumentException(code: 0): Log [] is not defined. at /opt/lampp/htdocs/stabcode/vendor/laravel/framework/src/Illuminate/Log/LogManager.php:167)
[stacktrace]
#0 /opt/lampp/htdocs/stabcode/vendor/laravel/framework/src/Illuminate/Log/LogManager.php(101): Illuminate\\Log\\LogManager->resolve(NULL)
#1 /opt/lampp/htdocs/stabcode/vendor/laravel/framework/src/Illuminate/Log/LogManager.php(89): Illuminate\\Log\\LogManager->get(NULL)
#2 /opt/lampp/htdocs/stabcode/vendor/laravel/framework/src/Illuminate/Log/LogManager.php(488): Illuminate\\Log\\LogManager->driver()
#3 /opt/lampp/htdocs/stabcode/vendor/laravel/framework/src/Illuminate/Foundation/Exceptions/Handler.php(114): Illuminate\\Log\\LogManager->error('syntax error, u...', Array)
#4 /opt/lampp/htdocs/stabcode/app/Exceptions/Handler.php(37): Illuminate\\Foundation\\Exceptions\\Handler->report(Object(Symfony\\Component\\Debug\\Exception\\FatalThrowableError))
#5 /opt/lampp/htdocs/stabcode/vendor/laravel/framework/src/Illuminate/Foundation/Http/Kernel.php(314): App\\Exceptions\\Handler->report(Object(Symfony\\Component\\Debug\\Exception\\FatalThrowableError))
#6 /opt/lampp/htdocs/stabcode/vendor/laravel/framework/src/Illuminate/Foundation/Http/Kernel.php(122): Illuminate\\Foundation\\Http\\Kernel->reportException(Object(Symfony\\Component\\Debug\\Exception\\FatalThrowableError))
#7 /opt/lampp/htdocs/stabcode/public/index.php(55): Illuminate\\Foundation\\Http\\Kernel->handle(Object(Illuminate\\Http\\Request))
#8 {main}
"} 
[2019-03-23 22:09:10] laravel.ERROR: syntax error, unexpected 'Chumper' (T_STRING), expecting ']' {"exception":"[object] (Symfony\\Component\\Debug\\Exception\\FatalThrowableError(code: 0): syntax error, unexpected 'Chumper' (T_STRING), expecting ']' at /opt/lampp/htdocs/stabcode/config/app.php:189)
[stacktrace]
#0 /opt/lampp/htdocs/stabcode/vendor/laravel/framework/src/Illuminate/Foundation/Bootstrap/LoadConfiguration.php(39): Illuminate\\Foundation\\Bootstrap\\LoadConfiguration->loadConfigurationFiles(Object(Illuminate\\Foundation\\Application), Object(Illuminate\\Config\\Repository))
#1 /opt/lampp/htdocs/stabcode/vendor/laravel/framework/src/Illuminate/Foundation/Application.php(206): Illuminate\\Foundation\\Bootstrap\\LoadConfiguration->bootstrap(Object(Illuminate\\Foundation\\Application))
#2 /opt/lampp/htdocs/stabcode/vendor/laravel/framework/src/Illuminate/Foundation/Http/Kernel.php(162): Illuminate\\Foundation\\Application->bootstrapWith(Array)
#3 /opt/lampp/htdocs/stabcode/vendor/laravel/framework/src/Illuminate/Foundation/Http/Kernel.php(146): Illuminate\\Foundation\\Http\\Kernel->bootstrap()
#4 /opt/lampp/htdocs/stabcode/vendor/laravel/framework/src/Illuminate/Foundation/Http/Kernel.php(116): Illuminate\\Foundation\\Http\\Kernel->sendRequestThroughRouter(Object(Illuminate\\Http\\Request))
#5 /opt/lampp/htdocs/stabcode/public/index.php(55): Illuminate\\Foundation\\Http\\Kernel->handle(Object(Illuminate\\Http\\Request))
#6 {main}
"} 
[2019-03-23 22:09:11] laravel.EMERGENCY: Unable to create configured logger. Using emergency logger. {"exception":"[object] (InvalidArgumentException(code: 0): Log [] is not defined. at /opt/lampp/htdocs/stabcode/vendor/laravel/framework/src/Illuminate/Log/LogManager.php:167)
[stacktrace]
#0 /opt/lampp/htdocs/stabcode/vendor/laravel/framework/src/Illuminate/Log/LogManager.php(101): Illuminate\\Log\\LogManager->resolve(NULL)
#1 /opt/lampp/htdocs/stabcode/vendor/laravel/framework/src/Illuminate/Log/LogManager.php(89): Illuminate\\Log\\LogManager->get(NULL)
#2 /opt/lampp/htdocs/stabcode/vendor/laravel/framework/src/Illuminate/Log/LogManager.php(488): Illuminate\\Log\\LogManager->driver()
#3 /opt/lampp/htdocs/stabcode/vendor/laravel/framework/src/Illuminate/Foundation/Exceptions/Handler.php(114): Illuminate\\Log\\LogManager->error('syntax error, u...', Array)
#4 /opt/lampp/htdocs/stabcode/app/Exceptions/Handler.php(37): Illuminate\\Foundation\\Exceptions\\Handler->report(Object(Symfony\\Component\\Debug\\Exception\\FatalThrowableError))
#5 /opt/lampp/htdocs/stabcode/vendor/laravel/framework/src/Illuminate/Foundation/Http/Kernel.php(314): App\\Exceptions\\Handler->report(Object(Symfony\\Component\\Debug\\Exception\\FatalThrowableError))
#6 /opt/lampp/htdocs/stabcode/vendor/laravel/framework/src/Illuminate/Foundation/Http/Kernel.php(122): Illuminate\\Foundation\\Http\\Kernel->reportException(Object(Symfony\\Component\\Debug\\Exception\\FatalThrowableError))
#7 /opt/lampp/htdocs/stabcode/public/index.php(55): Illuminate\\Foundation\\Http\\Kernel->handle(Object(Illuminate\\Http\\Request))
#8 {main}
"} 
[2019-03-23 22:09:11] laravel.ERROR: syntax error, unexpected 'Chumper' (T_STRING), expecting ']' {"exception":"[object] (Symfony\\Component\\Debug\\Exception\\FatalThrowableError(code: 0): syntax error, unexpected 'Chumper' (T_STRING), expecting ']' at /opt/lampp/htdocs/stabcode/config/app.php:189)
[stacktrace]
#0 /opt/lampp/htdocs/stabcode/vendor/laravel/framework/src/Illuminate/Foundation/Bootstrap/LoadConfiguration.php(39): Illuminate\\Foundation\\Bootstrap\\LoadConfiguration->loadConfigurationFiles(Object(Illuminate\\Foundation\\Application), Object(Illuminate\\Config\\Repository))
#1 /opt/lampp/htdocs/stabcode/vendor/laravel/framework/src/Illuminate/Foundation/Application.php(206): Illuminate\\Foundation\\Bootstrap\\LoadConfiguration->bootstrap(Object(Illuminate\\Foundation\\Application))
#2 /opt/lampp/htdocs/stabcode/vendor/laravel/framework/src/Illuminate/Foundation/Http/Kernel.php(162): Illuminate\\Foundation\\Application->bootstrapWith(Array)
#3 /opt/lampp/htdocs/stabcode/vendor/laravel/framework/src/Illuminate/Foundation/Http/Kernel.php(146): Illuminate\\Foundation\\Http\\Kernel->bootstrap()
#4 /opt/lampp/htdocs/stabcode/vendor/laravel/framework/src/Illuminate/Foundation/Http/Kernel.php(116): Illuminate\\Foundation\\Http\\Kernel->sendRequestThroughRouter(Object(Illuminate\\Http\\Request))
#5 /opt/lampp/htdocs/stabcode/public/index.php(55): Illuminate\\Foundation\\Http\\Kernel->handle(Object(Illuminate\\Http\\Request))
#6 {main}
"} 
[2019-03-23 22:09:21] laravel.EMERGENCY: Unable to create configured logger. Using emergency logger. {"exception":"[object] (InvalidArgumentException(code: 0): Log [] is not defined. at /opt/lampp/htdocs/stabcode/vendor/laravel/framework/src/Illuminate/Log/LogManager.php:167)
[stacktrace]
#0 /opt/lampp/htdocs/stabcode/vendor/laravel/framework/src/Illuminate/Log/LogManager.php(101): Illuminate\\Log\\LogManager->resolve(NULL)
#1 /opt/lampp/htdocs/stabcode/vendor/laravel/framework/src/Illuminate/Log/LogManager.php(89): Illuminate\\Log\\LogManager->get(NULL)
#2 /opt/lampp/htdocs/stabcode/vendor/laravel/framework/src/Illuminate/Log/LogManager.php(488): Illuminate\\Log\\LogManager->driver()
#3 /opt/lampp/htdocs/stabcode/vendor/laravel/framework/src/Illuminate/Foundation/Exceptions/Handler.php(114): Illuminate\\Log\\LogManager->error('syntax error, u...', Array)
#4 /opt/lampp/htdocs/stabcode/app/Exceptions/Handler.php(37): Illuminate\\Foundation\\Exceptions\\Handler->report(Object(Symfony\\Component\\Debug\\Exception\\FatalThrowableError))
#5 /opt/lampp/htdocs/stabcode/vendor/laravel/framework/src/Illuminate/Foundation/Http/Kernel.php(314): App\\Exceptions\\Handler->report(Object(Symfony\\Component\\Debug\\Exception\\FatalThrowableError))
#6 /opt/lampp/htdocs/stabcode/vendor/laravel/framework/src/Illuminate/Foundation/Http/Kernel.php(122): Illuminate\\Foundation\\Http\\Kernel->reportException(Object(Symfony\\Component\\Debug\\Exception\\FatalThrowableError))
#7 /opt/lampp/htdocs/stabcode/public/index.php(55): Illuminate\\Foundation\\Http\\Kernel->handle(Object(Illuminate\\Http\\Request))
#8 {main}
"} 
[2019-03-23 22:09:21] laravel.ERROR: syntax error, unexpected 'Chumper' (T_STRING), expecting ']' {"exception":"[object] (Symfony\\Component\\Debug\\Exception\\FatalThrowableError(code: 0): syntax error, unexpected 'Chumper' (T_STRING), expecting ']' at /opt/lampp/htdocs/stabcode/config/app.php:189)
[stacktrace]
#0 /opt/lampp/htdocs/stabcode/vendor/laravel/framework/src/Illuminate/Foundation/Bootstrap/LoadConfiguration.php(39): Illuminate\\Foundation\\Bootstrap\\LoadConfiguration->loadConfigurationFiles(Object(Illuminate\\Foundation\\Application), Object(Illuminate\\Config\\Repository))
#1 /opt/lampp/htdocs/stabcode/vendor/laravel/framework/src/Illuminate/Foundation/Application.php(206): Illuminate\\Foundation\\Bootstrap\\LoadConfiguration->bootstrap(Object(Illuminate\\Foundation\\Application))
#2 /opt/lampp/htdocs/stabcode/vendor/laravel/framework/src/Illuminate/Foundation/Http/Kernel.php(162): Illuminate\\Foundation\\Application->bootstrapWith(Array)
#3 /opt/lampp/htdocs/stabcode/vendor/laravel/framework/src/Illuminate/Foundation/Http/Kernel.php(146): Illuminate\\Foundation\\Http\\Kernel->bootstrap()
#4 /opt/lampp/htdocs/stabcode/vendor/laravel/framework/src/Illuminate/Foundation/Http/Kernel.php(116): Illuminate\\Foundation\\Http\\Kernel->sendRequestThroughRouter(Object(Illuminate\\Http\\Request))
#5 /opt/lampp/htdocs/stabcode/public/index.php(55): Illuminate\\Foundation\\Http\\Kernel->handle(Object(Illuminate\\Http\\Request))
#6 {main}
"} 
[2019-03-23 22:09:58] laravel.EMERGENCY: Unable to create configured logger. Using emergency logger. {"exception":"[object] (InvalidArgumentException(code: 0): Log [] is not defined. at /opt/lampp/htdocs/stabcode/vendor/laravel/framework/src/Illuminate/Log/LogManager.php:167)
[stacktrace]
#0 /opt/lampp/htdocs/stabcode/vendor/laravel/framework/src/Illuminate/Log/LogManager.php(101): Illuminate\\Log\\LogManager->resolve(NULL)
#1 /opt/lampp/htdocs/stabcode/vendor/laravel/framework/src/Illuminate/Log/LogManager.php(89): Illuminate\\Log\\LogManager->get(NULL)
#2 /opt/lampp/htdocs/stabcode/vendor/laravel/framework/src/Illuminate/Log/LogManager.php(488): Illuminate\\Log\\LogManager->driver()
#3 /opt/lampp/htdocs/stabcode/vendor/laravel/framework/src/Illuminate/Foundation/Exceptions/Handler.php(114): Illuminate\\Log\\LogManager->error('syntax error, u...', Array)
#4 /opt/lampp/htdocs/stabcode/app/Exceptions/Handler.php(37): Illuminate\\Foundation\\Exceptions\\Handler->report(Object(Symfony\\Component\\Debug\\Exception\\FatalThrowableError))
#5 /opt/lampp/htdocs/stabcode/vendor/laravel/framework/src/Illuminate/Foundation/Http/Kernel.php(314): App\\Exceptions\\Handler->report(Object(Symfony\\Component\\Debug\\Exception\\FatalThrowableError))
#6 /opt/lampp/htdocs/stabcode/vendor/laravel/framework/src/Illuminate/Foundation/Http/Kernel.php(122): Illuminate\\Foundation\\Http\\Kernel->reportException(Object(Symfony\\Component\\Debug\\Exception\\FatalThrowableError))
#7 /opt/lampp/htdocs/stabcode/public/index.php(55): Illuminate\\Foundation\\Http\\Kernel->handle(Object(Illuminate\\Http\\Request))
#8 {main}
"} 
[2019-03-23 22:09:58] laravel.ERROR: syntax error, unexpected ''Chumper\Zipper\ZipperServiceP' (T_CONSTANT_ENCAPSED_STRING), expecting ']' {"exception":"[object] (Symfony\\Component\\Debug\\Exception\\FatalThrowableError(code: 0): syntax error, unexpected ''Chumper\\Zipper\\ZipperServiceP' (T_CONSTANT_ENCAPSED_STRING), expecting ']' at /opt/lampp/htdocs/stabcode/config/app.php:189)
[stacktrace]
#0 /opt/lampp/htdocs/stabcode/vendor/laravel/framework/src/Illuminate/Foundation/Bootstrap/LoadConfiguration.php(39): Illuminate\\Foundation\\Bootstrap\\LoadConfiguration->loadConfigurationFiles(Object(Illuminate\\Foundation\\Application), Object(Illuminate\\Config\\Repository))
#1 /opt/lampp/htdocs/stabcode/vendor/laravel/framework/src/Illuminate/Foundation/Application.php(206): Illuminate\\Foundation\\Bootstrap\\LoadConfiguration->bootstrap(Object(Illuminate\\Foundation\\Application))
#2 /opt/lampp/htdocs/stabcode/vendor/laravel/framework/src/Illuminate/Foundation/Http/Kernel.php(162): Illuminate\\Foundation\\Application->bootstrapWith(Array)
#3 /opt/lampp/htdocs/stabcode/vendor/laravel/framework/src/Illuminate/Foundation/Http/Kernel.php(146): Illuminate\\Foundation\\Http\\Kernel->bootstrap()
#4 /opt/lampp/htdocs/stabcode/vendor/laravel/framework/src/Illuminate/Foundation/Http/Kernel.php(116): Illuminate\\Foundation\\Http\\Kernel->sendRequestThroughRouter(Object(Illuminate\\Http\\Request))
#5 /opt/lampp/htdocs/stabcode/public/index.php(55): Illuminate\\Foundation\\Http\\Kernel->handle(Object(Illuminate\\Http\\Request))
#6 {main}
"} 
[2019-03-23 22:11:29] laravel.EMERGENCY: Unable to create configured logger. Using emergency logger. {"exception":"[object] (InvalidArgumentException(code: 0): Log [] is not defined. at /opt/lampp/htdocs/stabcode/vendor/laravel/framework/src/Illuminate/Log/LogManager.php:167)
[stacktrace]
#0 /opt/lampp/htdocs/stabcode/vendor/laravel/framework/src/Illuminate/Log/LogManager.php(101): Illuminate\\Log\\LogManager->resolve(NULL)
#1 /opt/lampp/htdocs/stabcode/vendor/laravel/framework/src/Illuminate/Log/LogManager.php(89): Illuminate\\Log\\LogManager->get(NULL)
#2 /opt/lampp/htdocs/stabcode/vendor/laravel/framework/src/Illuminate/Log/LogManager.php(488): Illuminate\\Log\\LogManager->driver()
#3 /opt/lampp/htdocs/stabcode/vendor/laravel/framework/src/Illuminate/Foundation/Exceptions/Handler.php(114): Illuminate\\Log\\LogManager->error('syntax error, u...', Array)
#4 /opt/lampp/htdocs/stabcode/app/Exceptions/Handler.php(37): Illuminate\\Foundation\\Exceptions\\Handler->report(Object(Symfony\\Component\\Debug\\Exception\\FatalThrowableError))
#5 /opt/lampp/htdocs/stabcode/vendor/laravel/framework/src/Illuminate/Foundation/Http/Kernel.php(314): App\\Exceptions\\Handler->report(Object(Symfony\\Component\\Debug\\Exception\\FatalThrowableError))
#6 /opt/lampp/htdocs/stabcode/vendor/laravel/framework/src/Illuminate/Foundation/Http/Kernel.php(122): Illuminate\\Foundation\\Http\\Kernel->reportException(Object(Symfony\\Component\\Debug\\Exception\\FatalThrowableError))
#7 /opt/lampp/htdocs/stabcode/public/index.php(55): Illuminate\\Foundation\\Http\\Kernel->handle(Object(Illuminate\\Http\\Request))
#8 {main}
"} 
[2019-03-23 22:11:29] laravel.ERROR: syntax error, unexpected 'Chumper' (T_STRING), expecting ']' {"exception":"[object] (Symfony\\Component\\Debug\\Exception\\FatalThrowableError(code: 0): syntax error, unexpected 'Chumper' (T_STRING), expecting ']' at /opt/lampp/htdocs/stabcode/config/app.php:189)
[stacktrace]
#0 /opt/lampp/htdocs/stabcode/vendor/laravel/framework/src/Illuminate/Foundation/Bootstrap/LoadConfiguration.php(39): Illuminate\\Foundation\\Bootstrap\\LoadConfiguration->loadConfigurationFiles(Object(Illuminate\\Foundation\\Application), Object(Illuminate\\Config\\Repository))
#1 /opt/lampp/htdocs/stabcode/vendor/laravel/framework/src/Illuminate/Foundation/Application.php(206): Illuminate\\Foundation\\Bootstrap\\LoadConfiguration->bootstrap(Object(Illuminate\\Foundation\\Application))
#2 /opt/lampp/htdocs/stabcode/vendor/laravel/framework/src/Illuminate/Foundation/Http/Kernel.php(162): Illuminate\\Foundation\\Application->bootstrapWith(Array)
#3 /opt/lampp/htdocs/stabcode/vendor/laravel/framework/src/Illuminate/Foundation/Http/Kernel.php(146): Illuminate\\Foundation\\Http\\Kernel->bootstrap()
#4 /opt/lampp/htdocs/stabcode/vendor/laravel/framework/src/Illuminate/Foundation/Http/Kernel.php(116): Illuminate\\Foundation\\Http\\Kernel->sendRequestThroughRouter(Object(Illuminate\\Http\\Request))
#5 /opt/lampp/htdocs/stabcode/public/index.php(55): Illuminate\\Foundation\\Http\\Kernel->handle(Object(Illuminate\\Http\\Request))
#6 {main}
"} 
